<?xml version="1.0" encoding="UTF-8"?>
<!-- Generated by org.testng.reporters.JUnitXMLReporter -->
<testsuite ignored="0" hostname="DESKTOP-RPNCNMP" failures="0" tests="10" name="Test" time="0.058" errors="0" timestamp="2021-02-06T08:13:10 AFT">
  <testcase classname="Before_And_After_Tests_Annotaitions.TestCaseOne" name="creatingPostTestCase1" time="0.004"/>
  <testcase classname="Before_And_After_Tests_Annotaitions.TestCaseOne" name="findingFriedsTestCase1" time="0.002"/>
  <testcase classname="Before_And_After_Tests_Annotaitions.TestCaseOne" name="scrollingDownTestCase1" time="0.001"/>
  <testcase classname="Before_And_After_Tests_Annotaitions.TestCaseOne" name="CreatingStoryTestCase1" time="0.001"/>
  <testcase classname="Before_And_After_Tests_Annotaitions.TestCaseOne" name="ClickingOnMarketPlace1" time="0.001"/>
  <testcase classname="Before_And_After_Tests_Annotaitions.TestCaseTwo" name="creatingPostTestCase2" time="0.001"/>
  <testcase classname="Before_And_After_Tests_Annotaitions.TestCaseTwo" name="findingFriedsTestCase2" time="0.001"/>
  <testcase classname="Before_And_After_Tests_Annotaitions.TestCaseTwo" name="scrollingDownTestCase2" time="0.001"/>
  <testcase classname="Before_And_After_Tests_Annotaitions.TestCaseTwo" name="CreatingStoryTestCase2" time="0.001"/>
  <testcase classname="Before_And_After_Tests_Annotaitions.TestCaseTwo" name="ClickingOnMarketPlace2" time="0.001"/>
</testsuite> <!-- Test -->
